[02:40:05] [main/INFO] [REI] Registered plugin provider CharmReiServerPlugin [charm] for REIPlugin
[02:40:05] [main/INFO] [REI] Registered plugin provider AdornReiServer [adorn] for REIPlugin
[02:40:05] [main/INFO] [REI] Registered plugin provider DefaultPlugin [roughlyenoughitems] for REIPlugin
[02:40:05] [main/INFO] [REI] Registered plugin provider DefaultRuntimePlugin [roughlyenoughitems] for REIPlugin
[02:40:05] [main/INFO] [REI] Registered plugin provider CharmReiServerPlugin [charm] for REIServerPlugin
[02:40:05] [main/INFO] [REI] Registered plugin provider AdornReiServer [adorn] for REIServerPlugin
[02:40:05] [main/INFO] [REI] Registered plugin provider DefaultPlugin [roughlyenoughitems] for REIServerPlugin
[02:40:05] [main/INFO] [REI] Registered plugin provider DefaultRuntimePlugin [roughlyenoughitems] for REIServerPlugin
[02:40:05] [main/INFO] [REI] Registered plugin provider FabricFluidAPISupportPlugin for REIServerPlugin
[02:40:05] [main/INFO] [REI] Registered plugin provider FabricFluidAPISupportPlugin for REIPlugin
[02:40:25] [Worker-Main-4/DEBUG] [REI] Processed 0 tags in 102.3 μs for minecraft:worldgen/placed_feature
[02:40:25] [Worker-Main-5/DEBUG] [REI] Processed 0 tags in 8.400 μs for minecraft:worldgen/structure_set
[02:40:25] [Worker-Main-2/DEBUG] [REI] Processed 0 tags in 7.500 μs for minecraft:worldgen/world_preset
[02:40:25] [Worker-Main-5/DEBUG] [REI] Processed 0 tags in 7.300 μs for minecraft:dimension_type
[02:40:25] [Worker-Main-3/DEBUG] [REI] Processed 0 tags in 7.100 μs for minecraft:worldgen/flat_level_generator_preset
[02:40:25] [Worker-Main-2/DEBUG] [REI] Processed 6 tags in 1.652 ms for minecraft:game_event
[02:40:25] [Worker-Main-3/DEBUG] [REI] Processed 5 tags in 32.10 μs for minecraft:enchantment
[02:40:25] [Worker-Main-3/DEBUG] [REI] Processed 1 tags in 50.10 μs for minecraft:painting_variant
[02:40:25] [Worker-Main-5/DEBUG] [REI] Processed 13 tags in 53.70 μs for minecraft:fluid
[02:40:25] [Worker-Main-5/DEBUG] [REI] Processed 3 tags in 58.00 μs for minecraft:point_of_interest_type
[02:40:25] [Worker-Main-1/DEBUG] [REI] Processed 0 tags in 36.00 μs for minecraft:worldgen/structure
[02:40:25] [Worker-Main-2/DEBUG] [REI] Processed 49 tags in 438.8 μs for minecraft:entity_type
[02:40:25] [Worker-Main-3/DEBUG] [REI] Processed 7 tags in 70.20 μs for minecraft:banner_pattern
[02:40:25] [Worker-Main-1/DEBUG] [REI] Processed 2 tags in 31.70 μs for minecraft:cat_variant
[02:40:25] [Worker-Main-5/DEBUG] [REI] Processed 3 tags in 37.80 μs for minecraft:instrument
[02:40:26] [Worker-Main-6/DEBUG] [REI] Processed 0 tags in 213.1 μs for minecraft:worldgen/biome
[02:40:27] [Worker-Main-7/DEBUG] [REI] Processed 613 tags in 9.578 ms for minecraft:block
[02:40:27] [Worker-Main-4/DEBUG] [REI] Processed 711 tags in 5.389 ms for minecraft:item
[02:40:31] [main/TRACE] [REI] [START] Reloading Section: "pre-register/"
[02:40:31] [main/TRACE] [REI] [START] Reloading Section: "pre-register/DefaultPlugin [roughlyenoughitems]/"
[02:40:31] [main/TRACE] [REI] [START] Reloading Section: "pre-register/DefaultPlugin [roughlyenoughitems]/" done in 1.877 ms
[02:40:31] [main/TRACE] [REI] [START] Reloading Section: "pre-register/FabricFluidAPISupportPlugin/"
[02:40:31] [main/TRACE] [REI] [START] Reloading Section: "pre-register/FabricFluidAPISupportPlugin/" done in 17.80 μs
[02:40:31] [main/TRACE] [REI] [START] Reloading Section: "pre-register/DefaultRuntimePlugin [roughlyenoughitems]/"
[02:40:31] [main/TRACE] [REI] [START] Reloading Section: "pre-register/DefaultRuntimePlugin [roughlyenoughitems]/" done in 16.70 μs
[02:40:31] [main/TRACE] [REI] [START] Reloading Section: "pre-register/AdornReiServer [adorn]/"
[02:40:31] [main/TRACE] [REI] [START] Reloading Section: "pre-register/AdornReiServer [adorn]/" done in 12.10 μs
[02:40:31] [main/TRACE] [REI] [START] Reloading Section: "pre-register/CharmReiServerPlugin [charm]/"
[02:40:31] [main/TRACE] [REI] [START] Reloading Section: "pre-register/CharmReiServerPlugin [charm]/" done in 11.50 μs
[02:40:31] [main/TRACE] [REI] [START] Reloading Section: "pre-register/" done in 40.84 ms
[02:40:31] [main/TRACE] [REI] [START] Reloading Section: "pre-register/"
[02:40:31] [main/TRACE] [REI] [START] Reloading Section: "pre-register/DefaultPlugin [roughlyenoughitems]/"
[02:40:31] [main/TRACE] [REI] [START] Reloading Section: "pre-register/DefaultPlugin [roughlyenoughitems]/" done in 9.600 μs
[02:40:31] [main/TRACE] [REI] [START] Reloading Section: "pre-register/FabricFluidAPISupportPlugin/"
[02:40:31] [main/TRACE] [REI] [START] Reloading Section: "pre-register/FabricFluidAPISupportPlugin/" done in 14.40 μs
[02:40:31] [main/TRACE] [REI] [START] Reloading Section: "pre-register/DefaultRuntimePlugin [roughlyenoughitems]/"
[02:40:31] [main/TRACE] [REI] [START] Reloading Section: "pre-register/DefaultRuntimePlugin [roughlyenoughitems]/" done in 7.600 μs
[02:40:31] [main/TRACE] [REI] [START] Reloading Section: "pre-register/AdornReiServer [adorn]/"
[02:40:31] [main/TRACE] [REI] [START] Reloading Section: "pre-register/AdornReiServer [adorn]/" done in 7.200 μs
[02:40:31] [main/TRACE] [REI] [START] Reloading Section: "pre-register/CharmReiServerPlugin [charm]/"
[02:40:31] [main/TRACE] [REI] [START] Reloading Section: "pre-register/CharmReiServerPlugin [charm]/" done in 7.100 μs
[02:40:31] [main/TRACE] [REI] [START] Reloading Section: "pre-register/" done in 460.3 μs
[02:40:31] [main/TRACE] [REI] [START] Reloading Section: "start-reload/"
[02:40:31] [main/TRACE] [REI] [START] Reloading Section: "start-reload/EntryTypeRegistryImpl/"
[02:40:31] [main/TRACE] [REI] [START] Reloading Section: "start-reload/EntryTypeRegistryImpl/" done in 307.5 μs
[02:40:31] [main/TRACE] [REI] [START] Reloading Section: "start-reload/EntrySettingsAdapterRegistryImpl/"
[02:40:31] [main/TRACE] [REI] [START] Reloading Section: "start-reload/EntrySettingsAdapterRegistryImpl/" done in 10.50 μs
[02:40:31] [main/TRACE] [REI] [START] Reloading Section: "start-reload/RecipeManagerContextImpl/"
[02:40:31] [main/TRACE] [REI] [START] Reloading Section: "start-reload/RecipeManagerContextImpl/" done in 13.70 μs
[02:40:31] [main/TRACE] [REI] [START] Reloading Section: "start-reload/ItemComparatorRegistryImpl/"
[02:40:31] [main/TRACE] [REI] [START] Reloading Section: "start-reload/ItemComparatorRegistryImpl/" done in 17.70 μs
[02:40:31] [main/TRACE] [REI] [START] Reloading Section: "start-reload/FluidComparatorRegistryImpl/"
[02:40:31] [main/TRACE] [REI] [START] Reloading Section: "start-reload/FluidComparatorRegistryImpl/" done in 7.000 μs
[02:40:31] [main/TRACE] [REI] [START] Reloading Section: "start-reload/DisplaySerializerRegistryImpl/"
[02:40:31] [main/TRACE] [REI] [START] Reloading Section: "start-reload/DisplaySerializerRegistryImpl/" done in 5.800 μs
[02:40:31] [main/TRACE] [REI] [START] Reloading Section: "start-reload/FluidSupportProviderImpl/"
[02:40:31] [main/TRACE] [REI] [START] Reloading Section: "start-reload/FluidSupportProviderImpl/" done in 15.40 μs
[02:40:31] [main/TRACE] [REI] [START] Reloading Section: "start-reload/" done in 1.328 ms
[02:40:31] [main/INFO] [REI] Reloading Plugin Manager [REIPlugin] stage [START], registered 5 plugins: CharmReiServerPlugin [charm], AdornReiServer [adorn], DefaultRuntimePlugin [roughlyenoughitems], FabricFluidAPISupportPlugin, DefaultPlugin [roughlyenoughitems]
[02:40:31] [main/TRACE] [REI] [START] Reloading Section: "reloadable-plugin/EntryTypeRegistryImpl/"
[02:40:31] [main/TRACE] [REI] [START] Reloading Section: "reloadable-plugin/EntryTypeRegistryImpl/DefaultPlugin [roughlyenoughitems]/"
[02:40:31] [main/TRACE] [REI] [START] Reloading Section: "reloadable-plugin/EntryTypeRegistryImpl/DefaultPlugin [roughlyenoughitems]/" done in 356.3 μs
[02:40:31] [main/TRACE] [REI] [START] Reloading Section: "reloadable-plugin/EntryTypeRegistryImpl/FabricFluidAPISupportPlugin/"
[02:40:31] [main/TRACE] [REI] [START] Reloading Section: "reloadable-plugin/EntryTypeRegistryImpl/FabricFluidAPISupportPlugin/" done in 22.90 μs
[02:40:31] [main/TRACE] [REI] [START] Reloading Section: "reloadable-plugin/EntryTypeRegistryImpl/DefaultRuntimePlugin [roughlyenoughitems]/"
[02:40:31] [main/TRACE] [REI] [START] Reloading Section: "reloadable-plugin/EntryTypeRegistryImpl/DefaultRuntimePlugin [roughlyenoughitems]/" done in 73.57 ms
[02:40:31] [main/TRACE] [REI] [START] Reloading Section: "reloadable-plugin/EntryTypeRegistryImpl/AdornReiServer [adorn]/"
[02:40:31] [main/TRACE] [REI] [START] Reloading Section: "reloadable-plugin/EntryTypeRegistryImpl/AdornReiServer [adorn]/" done in 21.00 μs
[02:40:31] [main/TRACE] [REI] [START] Reloading Section: "reloadable-plugin/EntryTypeRegistryImpl/CharmReiServerPlugin [charm]/"
[02:40:31] [main/TRACE] [REI] [START] Reloading Section: "reloadable-plugin/EntryTypeRegistryImpl/CharmReiServerPlugin [charm]/" done in 10.50 μs
[02:40:31] [main/TRACE] [REI] [START] Reloading Section: "reloadable-plugin/EntryTypeRegistryImpl/" done in 75.53 ms
[02:40:31] [main/TRACE] [REI] [START] Reloading Section: "reloadable-plugin/EntrySettingsAdapterRegistryImpl/"
[02:40:31] [main/TRACE] [REI] [START] Reloading Section: "reloadable-plugin/EntrySettingsAdapterRegistryImpl/DefaultPlugin [roughlyenoughitems]/"
[02:40:31] [main/TRACE] [REI] [START] Reloading Section: "reloadable-plugin/EntrySettingsAdapterRegistryImpl/DefaultPlugin [roughlyenoughitems]/" done in 9.900 μs
[02:40:31] [main/TRACE] [REI] [START] Reloading Section: "reloadable-plugin/EntrySettingsAdapterRegistryImpl/FabricFluidAPISupportPlugin/"
[02:40:31] [main/TRACE] [REI] [START] Reloading Section: "reloadable-plugin/EntrySettingsAdapterRegistryImpl/FabricFluidAPISupportPlugin/" done in 11.10 μs
[02:40:31] [main/TRACE] [REI] [START] Reloading Section: "reloadable-plugin/EntrySettingsAdapterRegistryImpl/DefaultRuntimePlugin [roughlyenoughitems]/"
[02:40:31] [main/TRACE] [REI] [START] Reloading Section: "reloadable-plugin/EntrySettingsAdapterRegistryImpl/DefaultRuntimePlugin [roughlyenoughitems]/" done in 9.500 μs
[02:40:31] [main/TRACE] [REI] [START] Reloading Section: "reloadable-plugin/EntrySettingsAdapterRegistryImpl/AdornReiServer [adorn]/"
[02:40:31] [main/TRACE] [REI] [START] Reloading Section: "reloadable-plugin/EntrySettingsAdapterRegistryImpl/AdornReiServer [adorn]/" done in 9.400 μs
[02:40:31] [main/TRACE] [REI] [START] Reloading Section: "reloadable-plugin/EntrySettingsAdapterRegistryImpl/CharmReiServerPlugin [charm]/"
[02:40:31] [main/TRACE] [REI] [START] Reloading Section: "reloadable-plugin/EntrySettingsAdapterRegistryImpl/CharmReiServerPlugin [charm]/" done in 9.200 μs
[02:40:31] [main/TRACE] [REI] [START] Reloading Section: "reloadable-plugin/EntrySettingsAdapterRegistryImpl/" done in 525.3 μs
[02:40:31] [main/TRACE] [REI] [START] Reloading Section: "reloadable-plugin/RecipeManagerContextImpl/"
[02:40:31] [main/TRACE] [REI] [START] Reloading Section: "reloadable-plugin/RecipeManagerContextImpl/DefaultPlugin [roughlyenoughitems]/"
[02:40:31] [main/TRACE] [REI] [START] Reloading Section: "reloadable-plugin/RecipeManagerContextImpl/DefaultPlugin [roughlyenoughitems]/" done in 9.100 μs
[02:40:31] [main/TRACE] [REI] [START] Reloading Section: "reloadable-plugin/RecipeManagerContextImpl/FabricFluidAPISupportPlugin/"
[02:40:31] [main/TRACE] [REI] [START] Reloading Section: "reloadable-plugin/RecipeManagerContextImpl/FabricFluidAPISupportPlugin/" done in 9.300 μs
[02:40:31] [main/TRACE] [REI] [START] Reloading Section: "reloadable-plugin/RecipeManagerContextImpl/DefaultRuntimePlugin [roughlyenoughitems]/"
[02:40:31] [main/TRACE] [REI] [START] Reloading Section: "reloadable-plugin/RecipeManagerContextImpl/DefaultRuntimePlugin [roughlyenoughitems]/" done in 9.300 μs
[02:40:31] [main/TRACE] [REI] [START] Reloading Section: "reloadable-plugin/RecipeManagerContextImpl/AdornReiServer [adorn]/"
[02:40:31] [main/TRACE] [REI] [START] Reloading Section: "reloadable-plugin/RecipeManagerContextImpl/AdornReiServer [adorn]/" done in 10.20 μs
[02:40:31] [main/TRACE] [REI] [START] Reloading Section: "reloadable-plugin/RecipeManagerContextImpl/CharmReiServerPlugin [charm]/"
[02:40:31] [main/TRACE] [REI] [START] Reloading Section: "reloadable-plugin/RecipeManagerContextImpl/CharmReiServerPlugin [charm]/" done in 10.60 μs
[02:40:31] [main/TRACE] [REI] [START] Reloading Section: "reloadable-plugin/RecipeManagerContextImpl/" done in 474.4 μs
[02:40:31] [main/TRACE] [REI] [START] Reloading Section: "reloadable-plugin/ItemComparatorRegistryImpl/"
[02:40:31] [main/TRACE] [REI] [START] Reloading Section: "reloadable-plugin/ItemComparatorRegistryImpl/DefaultPlugin [roughlyenoughitems]/"
[02:40:31] [main/TRACE] [REI] [START] Reloading Section: "reloadable-plugin/ItemComparatorRegistryImpl/DefaultPlugin [roughlyenoughitems]/" done in 958.7 μs
[02:40:31] [main/TRACE] [REI] [START] Reloading Section: "reloadable-plugin/ItemComparatorRegistryImpl/FabricFluidAPISupportPlugin/"
[02:40:31] [main/TRACE] [REI] [START] Reloading Section: "reloadable-plugin/ItemComparatorRegistryImpl/FabricFluidAPISupportPlugin/" done in 21.30 μs
[02:40:31] [main/TRACE] [REI] [START] Reloading Section: "reloadable-plugin/ItemComparatorRegistryImpl/DefaultRuntimePlugin [roughlyenoughitems]/"
[02:40:31] [main/TRACE] [REI] [START] Reloading Section: "reloadable-plugin/ItemComparatorRegistryImpl/DefaultRuntimePlugin [roughlyenoughitems]/" done in 11.20 μs
[02:40:31] [main/TRACE] [REI] [START] Reloading Section: "reloadable-plugin/ItemComparatorRegistryImpl/AdornReiServer [adorn]/"
[02:40:31] [main/TRACE] [REI] [START] Reloading Section: "reloadable-plugin/ItemComparatorRegistryImpl/AdornReiServer [adorn]/" done in 13.00 μs
[02:40:31] [main/TRACE] [REI] [START] Reloading Section: "reloadable-plugin/ItemComparatorRegistryImpl/CharmReiServerPlugin [charm]/"
[02:40:31] [main/TRACE] [REI] [START] Reloading Section: "reloadable-plugin/ItemComparatorRegistryImpl/CharmReiServerPlugin [charm]/" done in 16.40 μs
[02:40:31] [main/TRACE] [REI] [START] Reloading Section: "reloadable-plugin/ItemComparatorRegistryImpl/" done in 1.924 ms
[02:40:31] [main/TRACE] [REI] [START] Reloading Section: "reloadable-plugin/FluidComparatorRegistryImpl/"
[02:40:31] [main/TRACE] [REI] [START] Reloading Section: "reloadable-plugin/FluidComparatorRegistryImpl/DefaultPlugin [roughlyenoughitems]/"
[02:40:31] [main/TRACE] [REI] [START] Reloading Section: "reloadable-plugin/FluidComparatorRegistryImpl/DefaultPlugin [roughlyenoughitems]/" done in 31.10 μs
[02:40:31] [main/TRACE] [REI] [START] Reloading Section: "reloadable-plugin/FluidComparatorRegistryImpl/FabricFluidAPISupportPlugin/"
[02:40:31] [main/TRACE] [REI] [START] Reloading Section: "reloadable-plugin/FluidComparatorRegistryImpl/FabricFluidAPISupportPlugin/" done in 15.80 μs
[02:40:31] [main/TRACE] [REI] [START] Reloading Section: "reloadable-plugin/FluidComparatorRegistryImpl/DefaultRuntimePlugin [roughlyenoughitems]/"
[02:40:31] [main/TRACE] [REI] [START] Reloading Section: "reloadable-plugin/FluidComparatorRegistryImpl/DefaultRuntimePlugin [roughlyenoughitems]/" done in 15.10 μs
[02:40:31] [main/TRACE] [REI] [START] Reloading Section: "reloadable-plugin/FluidComparatorRegistryImpl/AdornReiServer [adorn]/"
[02:40:31] [main/TRACE] [REI] [START] Reloading Section: "reloadable-plugin/FluidComparatorRegistryImpl/AdornReiServer [adorn]/" done in 15.00 μs
[02:40:31] [main/TRACE] [REI] [START] Reloading Section: "reloadable-plugin/FluidComparatorRegistryImpl/CharmReiServerPlugin [charm]/"
[02:40:31] [main/TRACE] [REI] [START] Reloading Section: "reloadable-plugin/FluidComparatorRegistryImpl/CharmReiServerPlugin [charm]/" done in 17.10 μs
[02:40:31] [main/TRACE] [REI] [START] Reloading Section: "reloadable-plugin/FluidComparatorRegistryImpl/" done in 852.1 μs
[02:40:31] [main/TRACE] [REI] [START] Reloading Section: "reloadable-plugin/DisplaySerializerRegistryImpl/"
[02:40:31] [main/TRACE] [REI] [START] Reloading Section: "reloadable-plugin/DisplaySerializerRegistryImpl/DefaultPlugin [roughlyenoughitems]/"
[02:40:31] [main/TRACE] [REI] [START] Reloading Section: "reloadable-plugin/DisplaySerializerRegistryImpl/DefaultPlugin [roughlyenoughitems]/" done in 16.30 μs
[02:40:31] [main/TRACE] [REI] [START] Reloading Section: "reloadable-plugin/DisplaySerializerRegistryImpl/FabricFluidAPISupportPlugin/"
[02:40:31] [main/TRACE] [REI] [START] Reloading Section: "reloadable-plugin/DisplaySerializerRegistryImpl/FabricFluidAPISupportPlugin/" done in 14.50 μs
[02:40:31] [main/TRACE] [REI] [START] Reloading Section: "reloadable-plugin/DisplaySerializerRegistryImpl/DefaultRuntimePlugin [roughlyenoughitems]/"
[02:40:31] [main/TRACE] [REI] [START] Reloading Section: "reloadable-plugin/DisplaySerializerRegistryImpl/DefaultRuntimePlugin [roughlyenoughitems]/" done in 15.00 μs
[02:40:31] [main/TRACE] [REI] [START] Reloading Section: "reloadable-plugin/DisplaySerializerRegistryImpl/AdornReiServer [adorn]/"
[02:40:31] [main/TRACE] [REI] [START] Reloading Section: "reloadable-plugin/DisplaySerializerRegistryImpl/AdornReiServer [adorn]/" done in 67.80 μs
[02:40:31] [main/TRACE] [REI] [START] Reloading Section: "reloadable-plugin/DisplaySerializerRegistryImpl/CharmReiServerPlugin [charm]/"
[02:40:31] [main/TRACE] [REI] [START] Reloading Section: "reloadable-plugin/DisplaySerializerRegistryImpl/CharmReiServerPlugin [charm]/" done in 25.60 μs
[02:40:31] [main/TRACE] [REI] [START] Reloading Section: "reloadable-plugin/DisplaySerializerRegistryImpl/" done in 1.149 ms
[02:40:31] [main/TRACE] [REI] [START] Reloading Section: "reloadable-plugin/FluidSupportProviderImpl/"
[02:40:31] [main/TRACE] [REI] [START] Reloading Section: "reloadable-plugin/FluidSupportProviderImpl/DefaultPlugin [roughlyenoughitems]/"
[02:40:31] [main/TRACE] [REI] [START] Reloading Section: "reloadable-plugin/FluidSupportProviderImpl/DefaultPlugin [roughlyenoughitems]/" done in 13.89 ms
[02:40:31] [main/TRACE] [REI] [START] Reloading Section: "reloadable-plugin/FluidSupportProviderImpl/FabricFluidAPISupportPlugin/"
[02:40:31] [main/TRACE] [REI] [START] Reloading Section: "reloadable-plugin/FluidSupportProviderImpl/FabricFluidAPISupportPlugin/" done in 226.6 μs
[02:40:31] [main/TRACE] [REI] [START] Reloading Section: "reloadable-plugin/FluidSupportProviderImpl/DefaultRuntimePlugin [roughlyenoughitems]/"
[02:40:31] [main/TRACE] [REI] [START] Reloading Section: "reloadable-plugin/FluidSupportProviderImpl/DefaultRuntimePlugin [roughlyenoughitems]/" done in 14.90 μs
[02:40:31] [main/TRACE] [REI] [START] Reloading Section: "reloadable-plugin/FluidSupportProviderImpl/AdornReiServer [adorn]/"
[02:40:31] [main/TRACE] [REI] [START] Reloading Section: "reloadable-plugin/FluidSupportProviderImpl/AdornReiServer [adorn]/" done in 17.80 μs
[02:40:31] [main/TRACE] [REI] [START] Reloading Section: "reloadable-plugin/FluidSupportProviderImpl/CharmReiServerPlugin [charm]/"
[02:40:31] [main/TRACE] [REI] [START] Reloading Section: "reloadable-plugin/FluidSupportProviderImpl/CharmReiServerPlugin [charm]/" done in 12.70 μs
[02:40:31] [main/TRACE] [REI] [START] Reloading Section: "reloadable-plugin/FluidSupportProviderImpl/" done in 14.87 ms
[02:40:31] [main/TRACE] [REI] [START] Reloading Section: "end-reload/"
[02:40:31] [main/TRACE] [REI] [START] Reloading Section: "end-reload/EntryTypeRegistryImpl/"
[02:40:31] [main/TRACE] [REI] [START] Reloading Section: "end-reload/EntryTypeRegistryImpl/" done in 23.30 μs
[02:40:31] [main/TRACE] [REI] [START] Reloading Section: "end-reload/EntrySettingsAdapterRegistryImpl/"
[02:40:31] [main/TRACE] [REI] [START] Reloading Section: "end-reload/EntrySettingsAdapterRegistryImpl/" done in 8.900 μs
[02:40:31] [main/TRACE] [REI] [START] Reloading Section: "end-reload/RecipeManagerContextImpl/"
[02:40:31] [main/TRACE] [REI] [START] Reloading Section: "end-reload/RecipeManagerContextImpl/" done in 15.20 μs
[02:40:31] [main/TRACE] [REI] [START] Reloading Section: "end-reload/ItemComparatorRegistryImpl/"
[02:40:31] [main/TRACE] [REI] [START] Reloading Section: "end-reload/ItemComparatorRegistryImpl/" done in 11.10 μs
[02:40:31] [main/TRACE] [REI] [START] Reloading Section: "end-reload/FluidComparatorRegistryImpl/"
[02:40:31] [main/TRACE] [REI] [START] Reloading Section: "end-reload/FluidComparatorRegistryImpl/" done in 7.000 μs
[02:40:31] [main/TRACE] [REI] [START] Reloading Section: "end-reload/DisplaySerializerRegistryImpl/"
[02:40:31] [main/TRACE] [REI] [START] Reloading Section: "end-reload/DisplaySerializerRegistryImpl/" done in 5.900 μs
[02:40:31] [main/TRACE] [REI] [START] Reloading Section: "end-reload/FluidSupportProviderImpl/"
[02:40:31] [main/TRACE] [REI] [START] Reloading Section: "end-reload/FluidSupportProviderImpl/" done in 8.500 μs
[02:40:31] [main/TRACE] [REI] [START] Reloading Section: "end-reload/" done in 1.341 ms
[02:40:31] [main/TRACE] [REI] [START] Reloading Section: "start-reload/"
[02:40:31] [main/TRACE] [REI] [START] Reloading Section: "start-reload/MenuInfoRegistryImpl/"
[02:40:31] [main/TRACE] [REI] [START] Reloading Section: "start-reload/MenuInfoRegistryImpl/" done in 7.300 μs
[02:40:31] [main/TRACE] [REI] [START] Reloading Section: "start-reload/" done in 106.3 μs
[02:40:31] [main/INFO] [REI] Reloading Plugin Manager [REIServerPlugin] stage [START], registered 5 plugins: CharmReiServerPlugin [charm], AdornReiServer [adorn], DefaultRuntimePlugin [roughlyenoughitems], FabricFluidAPISupportPlugin, DefaultPlugin [roughlyenoughitems]
[02:40:31] [main/TRACE] [REI] [START] Reloading Section: "reloadable-plugin/MenuInfoRegistryImpl/"
[02:40:31] [main/TRACE] [REI] [START] Reloading Section: "reloadable-plugin/MenuInfoRegistryImpl/DefaultPlugin [roughlyenoughitems]/"
[02:40:31] [main/TRACE] [REI] [START] Reloading Section: "reloadable-plugin/MenuInfoRegistryImpl/DefaultPlugin [roughlyenoughitems]/" done in 16.90 μs
[02:40:31] [main/TRACE] [REI] [START] Reloading Section: "reloadable-plugin/MenuInfoRegistryImpl/FabricFluidAPISupportPlugin/"
[02:40:31] [main/TRACE] [REI] [START] Reloading Section: "reloadable-plugin/MenuInfoRegistryImpl/FabricFluidAPISupportPlugin/" done in 15.20 μs
[02:40:31] [main/TRACE] [REI] [START] Reloading Section: "reloadable-plugin/MenuInfoRegistryImpl/DefaultRuntimePlugin [roughlyenoughitems]/"
[02:40:31] [main/TRACE] [REI] [START] Reloading Section: "reloadable-plugin/MenuInfoRegistryImpl/DefaultRuntimePlugin [roughlyenoughitems]/" done in 12.00 μs
[02:40:31] [main/TRACE] [REI] [START] Reloading Section: "reloadable-plugin/MenuInfoRegistryImpl/AdornReiServer [adorn]/"
[02:40:31] [main/TRACE] [REI] [START] Reloading Section: "reloadable-plugin/MenuInfoRegistryImpl/AdornReiServer [adorn]/" done in 11.40 μs
[02:40:31] [main/TRACE] [REI] [START] Reloading Section: "reloadable-plugin/MenuInfoRegistryImpl/CharmReiServerPlugin [charm]/"
[02:40:31] [main/TRACE] [REI] [START] Reloading Section: "reloadable-plugin/MenuInfoRegistryImpl/CharmReiServerPlugin [charm]/" done in 11.60 μs
[02:40:31] [main/TRACE] [REI] [START] Reloading Section: "reloadable-plugin/MenuInfoRegistryImpl/" done in 786.0 μs
[02:40:31] [main/TRACE] [REI] [START] Reloading Section: "end-reload/"
[02:40:31] [main/TRACE] [REI] [START] Reloading Section: "end-reload/MenuInfoRegistryImpl/"
[02:40:31] [main/TRACE] [REI] [START] Reloading Section: "end-reload/MenuInfoRegistryImpl/" done in 9.600 μs
[02:40:31] [main/TRACE] [REI] [START] Reloading Section: "end-reload/" done in 123.4 μs
[02:40:31] [main/TRACE] [REI] [START] Reloading Section: "post-register/"
[02:40:31] [main/TRACE] [REI] [START] Reloading Section: "post-register/DefaultPlugin [roughlyenoughitems]/"
[02:40:31] [main/TRACE] [REI] [START] Reloading Section: "post-register/DefaultPlugin [roughlyenoughitems]/" done in 258.8 μs
[02:40:31] [main/TRACE] [REI] [START] Reloading Section: "post-register/FabricFluidAPISupportPlugin/"
[02:40:31] [main/TRACE] [REI] [START] Reloading Section: "post-register/FabricFluidAPISupportPlugin/" done in 11.90 μs
[02:40:31] [main/TRACE] [REI] [START] Reloading Section: "post-register/DefaultRuntimePlugin [roughlyenoughitems]/"
[02:40:31] [main/TRACE] [REI] [START] Reloading Section: "post-register/DefaultRuntimePlugin [roughlyenoughitems]/" done in 9.000 μs
[02:40:31] [main/TRACE] [REI] [START] Reloading Section: "post-register/AdornReiServer [adorn]/"
[02:40:31] [main/TRACE] [REI] [START] Reloading Section: "post-register/AdornReiServer [adorn]/" done in 6.600 μs
[02:40:31] [main/TRACE] [REI] [START] Reloading Section: "post-register/CharmReiServerPlugin [charm]/"
[02:40:31] [main/TRACE] [REI] [START] Reloading Section: "post-register/CharmReiServerPlugin [charm]/" done in 10.20 μs
[02:40:31] [main/TRACE] [REI] [START] Reloading Section: "post-register/" done in 1.427 ms
[02:40:31] [main/INFO] [REI] Reloaded Plugin Manager [REIPlugin] with 5 plugins in 165.7 ms.
[02:40:31] [main/TRACE] [REI] [START] Reloading Section: "post-register/"
[02:40:31] [main/TRACE] [REI] [START] Reloading Section: "post-register/DefaultPlugin [roughlyenoughitems]/"
[02:40:31] [main/TRACE] [REI] [START] Reloading Section: "post-register/DefaultPlugin [roughlyenoughitems]/" done in 19.10 μs
[02:40:31] [main/TRACE] [REI] [START] Reloading Section: "post-register/FabricFluidAPISupportPlugin/"
[02:40:31] [main/TRACE] [REI] [START] Reloading Section: "post-register/FabricFluidAPISupportPlugin/" done in 11.80 μs
[02:40:31] [main/TRACE] [REI] [START] Reloading Section: "post-register/DefaultRuntimePlugin [roughlyenoughitems]/"
[02:40:31] [main/TRACE] [REI] [START] Reloading Section: "post-register/DefaultRuntimePlugin [roughlyenoughitems]/" done in 10.00 μs
[02:40:31] [main/TRACE] [REI] [START] Reloading Section: "post-register/AdornReiServer [adorn]/"
[02:40:31] [main/TRACE] [REI] [START] Reloading Section: "post-register/AdornReiServer [adorn]/" done in 10.90 μs
[02:40:31] [main/TRACE] [REI] [START] Reloading Section: "post-register/CharmReiServerPlugin [charm]/"
[02:40:31] [main/TRACE] [REI] [START] Reloading Section: "post-register/CharmReiServerPlugin [charm]/" done in 21.80 μs
[02:40:31] [main/TRACE] [REI] [START] Reloading Section: "post-register/" done in 709.0 μs
[02:40:31] [main/INFO] [REI] Reloaded Plugin Manager [REIServerPlugin] with 5 plugins in 3.426 ms.
[02:40:31] [main/TRACE] [REI] [END] Reloading Section: "pre-register/"
[02:40:31] [main/TRACE] [REI] [END] Reloading Section: "pre-register/DefaultPlugin [roughlyenoughitems]/"
[02:40:31] [main/TRACE] [REI] [END] Reloading Section: "pre-register/DefaultPlugin [roughlyenoughitems]/" done in 20.80 μs
[02:40:31] [main/TRACE] [REI] [END] Reloading Section: "pre-register/FabricFluidAPISupportPlugin/"
[02:40:31] [main/TRACE] [REI] [END] Reloading Section: "pre-register/FabricFluidAPISupportPlugin/" done in 10.00 μs
[02:40:31] [main/TRACE] [REI] [END] Reloading Section: "pre-register/DefaultRuntimePlugin [roughlyenoughitems]/"
[02:40:31] [main/TRACE] [REI] [END] Reloading Section: "pre-register/DefaultRuntimePlugin [roughlyenoughitems]/" done in 8.100 μs
[02:40:31] [main/TRACE] [REI] [END] Reloading Section: "pre-register/AdornReiServer [adorn]/"
[02:40:31] [main/TRACE] [REI] [END] Reloading Section: "pre-register/AdornReiServer [adorn]/" done in 7.300 μs
[02:40:31] [main/TRACE] [REI] [END] Reloading Section: "pre-register/CharmReiServerPlugin [charm]/"
[02:40:31] [main/TRACE] [REI] [END] Reloading Section: "pre-register/CharmReiServerPlugin [charm]/" done in 7.600 μs
[02:40:31] [main/TRACE] [REI] [END] Reloading Section: "pre-register/" done in 662.1 μs
[02:40:31] [main/TRACE] [REI] [END] Reloading Section: "pre-register/"
[02:40:31] [main/TRACE] [REI] [END] Reloading Section: "pre-register/DefaultPlugin [roughlyenoughitems]/"
[02:40:31] [main/TRACE] [REI] [END] Reloading Section: "pre-register/DefaultPlugin [roughlyenoughitems]/" done in 8.900 μs
[02:40:31] [main/TRACE] [REI] [END] Reloading Section: "pre-register/FabricFluidAPISupportPlugin/"
[02:40:31] [main/TRACE] [REI] [END] Reloading Section: "pre-register/FabricFluidAPISupportPlugin/" done in 11.40 μs
[02:40:31] [main/TRACE] [REI] [END] Reloading Section: "pre-register/DefaultRuntimePlugin [roughlyenoughitems]/"
[02:40:31] [main/TRACE] [REI] [END] Reloading Section: "pre-register/DefaultRuntimePlugin [roughlyenoughitems]/" done in 7.400 μs
[02:40:31] [main/TRACE] [REI] [END] Reloading Section: "pre-register/AdornReiServer [adorn]/"
[02:40:31] [main/TRACE] [REI] [END] Reloading Section: "pre-register/AdornReiServer [adorn]/" done in 7.100 μs
[02:40:31] [main/TRACE] [REI] [END] Reloading Section: "pre-register/CharmReiServerPlugin [charm]/"
[02:40:31] [main/TRACE] [REI] [END] Reloading Section: "pre-register/CharmReiServerPlugin [charm]/" done in 7.400 μs
[02:40:31] [main/TRACE] [REI] [END] Reloading Section: "pre-register/" done in 472.5 μs
[02:40:31] [main/TRACE] [REI] [END] Reloading Section: "start-reload/"
[02:40:31] [main/TRACE] [REI] [END] Reloading Section: "start-reload/EntryTypeRegistryImpl/"
[02:40:31] [main/TRACE] [REI] [END] Reloading Section: "start-reload/EntryTypeRegistryImpl/" done in 27.20 μs
[02:40:31] [main/TRACE] [REI] [END] Reloading Section: "start-reload/EntrySettingsAdapterRegistryImpl/"
[02:40:31] [main/TRACE] [REI] [END] Reloading Section: "start-reload/EntrySettingsAdapterRegistryImpl/" done in 23.60 μs
[02:40:31] [main/TRACE] [REI] [END] Reloading Section: "start-reload/RecipeManagerContextImpl/"
[02:40:31] [main/TRACE] [REI] [END] Reloading Section: "start-reload/RecipeManagerContextImpl/" done in 10.10 μs
[02:40:31] [main/TRACE] [REI] [END] Reloading Section: "start-reload/ItemComparatorRegistryImpl/"
[02:40:31] [main/TRACE] [REI] [END] Reloading Section: "start-reload/ItemComparatorRegistryImpl/" done in 6.200 μs
[02:40:31] [main/TRACE] [REI] [END] Reloading Section: "start-reload/FluidComparatorRegistryImpl/"
[02:40:31] [main/TRACE] [REI] [END] Reloading Section: "start-reload/FluidComparatorRegistryImpl/" done in 6.000 μs
[02:40:31] [main/TRACE] [REI] [END] Reloading Section: "start-reload/DisplaySerializerRegistryImpl/"
[02:40:31] [main/TRACE] [REI] [END] Reloading Section: "start-reload/DisplaySerializerRegistryImpl/" done in 16.70 μs
[02:40:31] [main/TRACE] [REI] [END] Reloading Section: "start-reload/FluidSupportProviderImpl/"
[02:40:31] [main/TRACE] [REI] [END] Reloading Section: "start-reload/FluidSupportProviderImpl/" done in 6.800 μs
[02:40:31] [main/TRACE] [REI] [END] Reloading Section: "start-reload/" done in 749.6 μs
[02:40:31] [main/INFO] [REI] Reloading Plugin Manager [REIPlugin] stage [END], registered 5 plugins: CharmReiServerPlugin [charm], AdornReiServer [adorn], DefaultRuntimePlugin [roughlyenoughitems], FabricFluidAPISupportPlugin, DefaultPlugin [roughlyenoughitems]
[02:40:31] [main/TRACE] [REI] [END] Reloading Section: "reloadable-plugin/EntryTypeRegistryImpl/"
[02:40:31] [main/TRACE] [REI] [END] Reloading Section: "reloadable-plugin/EntryTypeRegistryImpl/DefaultPlugin [roughlyenoughitems]/"
[02:40:31] [main/TRACE] [REI] [END] Reloading Section: "reloadable-plugin/EntryTypeRegistryImpl/DefaultPlugin [roughlyenoughitems]/" done in 39.70 μs
[02:40:31] [main/TRACE] [REI] [END] Reloading Section: "reloadable-plugin/EntryTypeRegistryImpl/FabricFluidAPISupportPlugin/"
[02:40:31] [main/TRACE] [REI] [END] Reloading Section: "reloadable-plugin/EntryTypeRegistryImpl/FabricFluidAPISupportPlugin/" done in 15.60 μs
[02:40:31] [main/TRACE] [REI] [END] Reloading Section: "reloadable-plugin/EntryTypeRegistryImpl/DefaultRuntimePlugin [roughlyenoughitems]/"
[02:40:31] [main/TRACE] [REI] [END] Reloading Section: "reloadable-plugin/EntryTypeRegistryImpl/DefaultRuntimePlugin [roughlyenoughitems]/" done in 26.90 μs
[02:40:31] [main/TRACE] [REI] [END] Reloading Section: "reloadable-plugin/EntryTypeRegistryImpl/AdornReiServer [adorn]/"
[02:40:31] [main/TRACE] [REI] [END] Reloading Section: "reloadable-plugin/EntryTypeRegistryImpl/AdornReiServer [adorn]/" done in 95.90 μs
[02:40:31] [main/TRACE] [REI] [END] Reloading Section: "reloadable-plugin/EntryTypeRegistryImpl/CharmReiServerPlugin [charm]/"
[02:40:31] [main/TRACE] [REI] [END] Reloading Section: "reloadable-plugin/EntryTypeRegistryImpl/CharmReiServerPlugin [charm]/" done in 16.50 μs
[02:40:31] [main/TRACE] [REI] [END] Reloading Section: "reloadable-plugin/EntryTypeRegistryImpl/" done in 901.8 μs
[02:40:31] [main/TRACE] [REI] [END] Reloading Section: "reloadable-plugin/EntrySettingsAdapterRegistryImpl/"
[02:40:31] [main/TRACE] [REI] [END] Reloading Section: "reloadable-plugin/EntrySettingsAdapterRegistryImpl/DefaultPlugin [roughlyenoughitems]/"
[02:40:31] [main/TRACE] [REI] [END] Reloading Section: "reloadable-plugin/EntrySettingsAdapterRegistryImpl/DefaultPlugin [roughlyenoughitems]/" done in 26.80 μs
[02:40:31] [main/TRACE] [REI] [END] Reloading Section: "reloadable-plugin/EntrySettingsAdapterRegistryImpl/FabricFluidAPISupportPlugin/"
[02:40:31] [main/TRACE] [REI] [END] Reloading Section: "reloadable-plugin/EntrySettingsAdapterRegistryImpl/FabricFluidAPISupportPlugin/" done in 13.30 μs
[02:40:31] [main/TRACE] [REI] [END] Reloading Section: "reloadable-plugin/EntrySettingsAdapterRegistryImpl/DefaultRuntimePlugin [roughlyenoughitems]/"
[02:40:31] [main/TRACE] [REI] [END] Reloading Section: "reloadable-plugin/EntrySettingsAdapterRegistryImpl/DefaultRuntimePlugin [roughlyenoughitems]/" done in 12.20 μs
[02:40:31] [main/TRACE] [REI] [END] Reloading Section: "reloadable-plugin/EntrySettingsAdapterRegistryImpl/AdornReiServer [adorn]/"
[02:40:31] [main/TRACE] [REI] [END] Reloading Section: "reloadable-plugin/EntrySettingsAdapterRegistryImpl/AdornReiServer [adorn]/" done in 18.00 μs
[02:40:31] [main/TRACE] [REI] [END] Reloading Section: "reloadable-plugin/EntrySettingsAdapterRegistryImpl/CharmReiServerPlugin [charm]/"
[02:40:31] [main/TRACE] [REI] [END] Reloading Section: "reloadable-plugin/EntrySettingsAdapterRegistryImpl/CharmReiServerPlugin [charm]/" done in 38.50 μs
[02:40:31] [main/TRACE] [REI] [END] Reloading Section: "reloadable-plugin/EntrySettingsAdapterRegistryImpl/" done in 1.327 ms
[02:40:31] [main/TRACE] [REI] [END] Reloading Section: "reloadable-plugin/RecipeManagerContextImpl/"
[02:40:31] [main/TRACE] [REI] [END] Reloading Section: "reloadable-plugin/RecipeManagerContextImpl/DefaultPlugin [roughlyenoughitems]/"
[02:40:31] [main/TRACE] [REI] [END] Reloading Section: "reloadable-plugin/RecipeManagerContextImpl/DefaultPlugin [roughlyenoughitems]/" done in 21.20 μs
[02:40:31] [main/TRACE] [REI] [END] Reloading Section: "reloadable-plugin/RecipeManagerContextImpl/FabricFluidAPISupportPlugin/"
[02:40:31] [main/TRACE] [REI] [END] Reloading Section: "reloadable-plugin/RecipeManagerContextImpl/FabricFluidAPISupportPlugin/" done in 15.40 μs
[02:40:31] [main/TRACE] [REI] [END] Reloading Section: "reloadable-plugin/RecipeManagerContextImpl/DefaultRuntimePlugin [roughlyenoughitems]/"
[02:40:31] [main/TRACE] [REI] [END] Reloading Section: "reloadable-plugin/RecipeManagerContextImpl/DefaultRuntimePlugin [roughlyenoughitems]/" done in 18.80 μs
[02:40:31] [main/TRACE] [REI] [END] Reloading Section: "reloadable-plugin/RecipeManagerContextImpl/AdornReiServer [adorn]/"
[02:40:31] [main/TRACE] [REI] [END] Reloading Section: "reloadable-plugin/RecipeManagerContextImpl/AdornReiServer [adorn]/" done in 22.40 μs
[02:40:31] [main/TRACE] [REI] [END] Reloading Section: "reloadable-plugin/RecipeManagerContextImpl/CharmReiServerPlugin [charm]/"
[02:40:31] [main/TRACE] [REI] [END] Reloading Section: "reloadable-plugin/RecipeManagerContextImpl/CharmReiServerPlugin [charm]/" done in 17.40 μs
[02:40:31] [main/TRACE] [REI] [END] Reloading Section: "reloadable-plugin/RecipeManagerContextImpl/" done in 836.1 μs
[02:40:31] [main/TRACE] [REI] [END] Reloading Section: "reloadable-plugin/ItemComparatorRegistryImpl/"
[02:40:31] [main/TRACE] [REI] [END] Reloading Section: "reloadable-plugin/ItemComparatorRegistryImpl/DefaultPlugin [roughlyenoughitems]/"
[02:40:31] [main/TRACE] [REI] [END] Reloading Section: "reloadable-plugin/ItemComparatorRegistryImpl/DefaultPlugin [roughlyenoughitems]/" done in 16.80 μs
[02:40:31] [main/TRACE] [REI] [END] Reloading Section: "reloadable-plugin/ItemComparatorRegistryImpl/FabricFluidAPISupportPlugin/"
[02:40:31] [main/TRACE] [REI] [END] Reloading Section: "reloadable-plugin/ItemComparatorRegistryImpl/FabricFluidAPISupportPlugin/" done in 14.30 μs
[02:40:31] [main/TRACE] [REI] [END] Reloading Section: "reloadable-plugin/ItemComparatorRegistryImpl/DefaultRuntimePlugin [roughlyenoughitems]/"
[02:40:31] [main/TRACE] [REI] [END] Reloading Section: "reloadable-plugin/ItemComparatorRegistryImpl/DefaultRuntimePlugin [roughlyenoughitems]/" done in 15.50 μs
[02:40:31] [main/TRACE] [REI] [END] Reloading Section: "reloadable-plugin/ItemComparatorRegistryImpl/AdornReiServer [adorn]/"
[02:40:31] [main/TRACE] [REI] [END] Reloading Section: "reloadable-plugin/ItemComparatorRegistryImpl/AdornReiServer [adorn]/" done in 15.50 μs
[02:40:31] [main/TRACE] [REI] [END] Reloading Section: "reloadable-plugin/ItemComparatorRegistryImpl/CharmReiServerPlugin [charm]/"
[02:40:31] [main/TRACE] [REI] [END] Reloading Section: "reloadable-plugin/ItemComparatorRegistryImpl/CharmReiServerPlugin [charm]/" done in 13.30 μs
[02:40:31] [main/TRACE] [REI] [END] Reloading Section: "reloadable-plugin/ItemComparatorRegistryImpl/" done in 829.3 μs
[02:40:31] [main/TRACE] [REI] [END] Reloading Section: "reloadable-plugin/FluidComparatorRegistryImpl/"
[02:40:31] [main/TRACE] [REI] [END] Reloading Section: "reloadable-plugin/FluidComparatorRegistryImpl/DefaultPlugin [roughlyenoughitems]/"
[02:40:31] [main/TRACE] [REI] [END] Reloading Section: "reloadable-plugin/FluidComparatorRegistryImpl/DefaultPlugin [roughlyenoughitems]/" done in 12.90 μs
[02:40:31] [main/TRACE] [REI] [END] Reloading Section: "reloadable-plugin/FluidComparatorRegistryImpl/FabricFluidAPISupportPlugin/"
[02:40:31] [main/TRACE] [REI] [END] Reloading Section: "reloadable-plugin/FluidComparatorRegistryImpl/FabricFluidAPISupportPlugin/" done in 14.50 μs
[02:40:31] [main/TRACE] [REI] [END] Reloading Section: "reloadable-plugin/FluidComparatorRegistryImpl/DefaultRuntimePlugin [roughlyenoughitems]/"
[02:40:31] [main/TRACE] [REI] [END] Reloading Section: "reloadable-plugin/FluidComparatorRegistryImpl/DefaultRuntimePlugin [roughlyenoughitems]/" done in 15.90 μs
[02:40:31] [main/TRACE] [REI] [END] Reloading Section: "reloadable-plugin/FluidComparatorRegistryImpl/AdornReiServer [adorn]/"
[02:40:31] [main/TRACE] [REI] [END] Reloading Section: "reloadable-plugin/FluidComparatorRegistryImpl/AdornReiServer [adorn]/" done in 19.80 μs
[02:40:31] [main/TRACE] [REI] [END] Reloading Section: "reloadable-plugin/FluidComparatorRegistryImpl/CharmReiServerPlugin [charm]/"
[02:40:31] [main/TRACE] [REI] [END] Reloading Section: "reloadable-plugin/FluidComparatorRegistryImpl/CharmReiServerPlugin [charm]/" done in 14.70 μs
[02:40:31] [main/TRACE] [REI] [END] Reloading Section: "reloadable-plugin/FluidComparatorRegistryImpl/" done in 804.1 μs
[02:40:31] [main/TRACE] [REI] [END] Reloading Section: "reloadable-plugin/DisplaySerializerRegistryImpl/"
[02:40:31] [main/TRACE] [REI] [END] Reloading Section: "reloadable-plugin/DisplaySerializerRegistryImpl/DefaultPlugin [roughlyenoughitems]/"
[02:40:31] [main/TRACE] [REI] [END] Reloading Section: "reloadable-plugin/DisplaySerializerRegistryImpl/DefaultPlugin [roughlyenoughitems]/" done in 126.3 ms
[02:40:31] [main/TRACE] [REI] [END] Reloading Section: "reloadable-plugin/DisplaySerializerRegistryImpl/FabricFluidAPISupportPlugin/"
[02:40:31] [main/TRACE] [REI] [END] Reloading Section: "reloadable-plugin/DisplaySerializerRegistryImpl/FabricFluidAPISupportPlugin/" done in 15.60 μs
[02:40:31] [main/TRACE] [REI] [END] Reloading Section: "reloadable-plugin/DisplaySerializerRegistryImpl/DefaultRuntimePlugin [roughlyenoughitems]/"
[02:40:31] [main/TRACE] [REI] [END] Reloading Section: "reloadable-plugin/DisplaySerializerRegistryImpl/DefaultRuntimePlugin [roughlyenoughitems]/" done in 7.900 μs
[02:40:31] [main/TRACE] [REI] [END] Reloading Section: "reloadable-plugin/DisplaySerializerRegistryImpl/AdornReiServer [adorn]/"
[02:40:31] [main/TRACE] [REI] [END] Reloading Section: "reloadable-plugin/DisplaySerializerRegistryImpl/AdornReiServer [adorn]/" done in 942.6 μs
[02:40:31] [main/TRACE] [REI] [END] Reloading Section: "reloadable-plugin/DisplaySerializerRegistryImpl/CharmReiServerPlugin [charm]/"
[02:40:31] [main/TRACE] [REI] [END] Reloading Section: "reloadable-plugin/DisplaySerializerRegistryImpl/CharmReiServerPlugin [charm]/" done in 2.443 ms
[02:40:31] [main/TRACE] [REI] [END] Reloading Section: "reloadable-plugin/DisplaySerializerRegistryImpl/" done in 130.4 ms
[02:40:31] [main/TRACE] [REI] [END] Reloading Section: "reloadable-plugin/FluidSupportProviderImpl/"
[02:40:31] [main/TRACE] [REI] [END] Reloading Section: "reloadable-plugin/FluidSupportProviderImpl/DefaultPlugin [roughlyenoughitems]/"
[02:40:31] [main/TRACE] [REI] [END] Reloading Section: "reloadable-plugin/FluidSupportProviderImpl/DefaultPlugin [roughlyenoughitems]/" done in 9.600 μs
[02:40:31] [main/TRACE] [REI] [END] Reloading Section: "reloadable-plugin/FluidSupportProviderImpl/FabricFluidAPISupportPlugin/"
[02:40:31] [main/TRACE] [REI] [END] Reloading Section: "reloadable-plugin/FluidSupportProviderImpl/FabricFluidAPISupportPlugin/" done in 8.300 μs
[02:40:31] [main/TRACE] [REI] [END] Reloading Section: "reloadable-plugin/FluidSupportProviderImpl/DefaultRuntimePlugin [roughlyenoughitems]/"
[02:40:31] [main/TRACE] [REI] [END] Reloading Section: "reloadable-plugin/FluidSupportProviderImpl/DefaultRuntimePlugin [roughlyenoughitems]/" done in 7.400 μs
[02:40:31] [main/TRACE] [REI] [END] Reloading Section: "reloadable-plugin/FluidSupportProviderImpl/AdornReiServer [adorn]/"
[02:40:31] [main/TRACE] [REI] [END] Reloading Section: "reloadable-plugin/FluidSupportProviderImpl/AdornReiServer [adorn]/" done in 7.500 μs
[02:40:31] [main/TRACE] [REI] [END] Reloading Section: "reloadable-plugin/FluidSupportProviderImpl/CharmReiServerPlugin [charm]/"
[02:40:31] [main/TRACE] [REI] [END] Reloading Section: "reloadable-plugin/FluidSupportProviderImpl/CharmReiServerPlugin [charm]/" done in 7.500 μs
[02:40:31] [main/TRACE] [REI] [END] Reloading Section: "reloadable-plugin/FluidSupportProviderImpl/" done in 388.2 μs
[02:40:31] [main/TRACE] [REI] [END] Reloading Section: "end-reload/"
[02:40:31] [main/TRACE] [REI] [END] Reloading Section: "end-reload/EntryTypeRegistryImpl/"
[02:40:31] [main/TRACE] [REI] [END] Reloading Section: "end-reload/EntryTypeRegistryImpl/" done in 4.300 μs
[02:40:31] [main/TRACE] [REI] [END] Reloading Section: "end-reload/EntrySettingsAdapterRegistryImpl/"
[02:40:31] [main/TRACE] [REI] [END] Reloading Section: "end-reload/EntrySettingsAdapterRegistryImpl/" done in 4.300 μs
[02:40:31] [main/TRACE] [REI] [END] Reloading Section: "end-reload/RecipeManagerContextImpl/"
[02:40:31] [main/TRACE] [REI] [END] Reloading Section: "end-reload/RecipeManagerContextImpl/" done in 3.800 μs
[02:40:31] [main/TRACE] [REI] [END] Reloading Section: "end-reload/ItemComparatorRegistryImpl/"
[02:40:31] [main/TRACE] [REI] [END] Reloading Section: "end-reload/ItemComparatorRegistryImpl/" done in 4.100 μs
[02:40:31] [main/TRACE] [REI] [END] Reloading Section: "end-reload/FluidComparatorRegistryImpl/"
[02:40:31] [main/TRACE] [REI] [END] Reloading Section: "end-reload/FluidComparatorRegistryImpl/" done in 4.100 μs
[02:40:31] [main/TRACE] [REI] [END] Reloading Section: "end-reload/DisplaySerializerRegistryImpl/"
[02:40:31] [main/TRACE] [REI] [END] Reloading Section: "end-reload/DisplaySerializerRegistryImpl/" done in 3.800 μs
[02:40:31] [main/TRACE] [REI] [END] Reloading Section: "end-reload/FluidSupportProviderImpl/"
[02:40:31] [main/TRACE] [REI] [END] Reloading Section: "end-reload/FluidSupportProviderImpl/" done in 28.80 μs
[02:40:31] [main/TRACE] [REI] [END] Reloading Section: "end-reload/" done in 461.0 μs
[02:40:31] [main/TRACE] [REI] [END] Reloading Section: "start-reload/"
[02:40:31] [main/TRACE] [REI] [END] Reloading Section: "start-reload/MenuInfoRegistryImpl/"
[02:40:31] [main/TRACE] [REI] [END] Reloading Section: "start-reload/MenuInfoRegistryImpl/" done in 14.50 μs
[02:40:31] [main/TRACE] [REI] [END] Reloading Section: "start-reload/" done in 82.60 μs
[02:40:31] [main/INFO] [REI] Reloading Plugin Manager [REIServerPlugin] stage [END], registered 5 plugins: CharmReiServerPlugin [charm], AdornReiServer [adorn], DefaultRuntimePlugin [roughlyenoughitems], FabricFluidAPISupportPlugin, DefaultPlugin [roughlyenoughitems]
[02:40:31] [main/TRACE] [REI] [END] Reloading Section: "reloadable-plugin/MenuInfoRegistryImpl/"
[02:40:31] [main/TRACE] [REI] [END] Reloading Section: "reloadable-plugin/MenuInfoRegistryImpl/DefaultPlugin [roughlyenoughitems]/"
[02:40:31] [main/TRACE] [REI] [END] Reloading Section: "reloadable-plugin/MenuInfoRegistryImpl/DefaultPlugin [roughlyenoughitems]/" done in 21.78 ms
[02:40:31] [main/TRACE] [REI] [END] Reloading Section: "reloadable-plugin/MenuInfoRegistryImpl/FabricFluidAPISupportPlugin/"
[02:40:31] [main/TRACE] [REI] [END] Reloading Section: "reloadable-plugin/MenuInfoRegistryImpl/FabricFluidAPISupportPlugin/" done in 15.50 μs
[02:40:31] [main/TRACE] [REI] [END] Reloading Section: "reloadable-plugin/MenuInfoRegistryImpl/DefaultRuntimePlugin [roughlyenoughitems]/"
[02:40:31] [main/TRACE] [REI] [END] Reloading Section: "reloadable-plugin/MenuInfoRegistryImpl/DefaultRuntimePlugin [roughlyenoughitems]/" done in 7.100 μs
[02:40:31] [main/TRACE] [REI] [END] Reloading Section: "reloadable-plugin/MenuInfoRegistryImpl/AdornReiServer [adorn]/"
[02:40:31] [main/TRACE] [REI] [END] Reloading Section: "reloadable-plugin/MenuInfoRegistryImpl/AdornReiServer [adorn]/" done in 6.500 μs
[02:40:31] [main/TRACE] [REI] [END] Reloading Section: "reloadable-plugin/MenuInfoRegistryImpl/CharmReiServerPlugin [charm]/"
[02:40:31] [main/TRACE] [REI] [END] Reloading Section: "reloadable-plugin/MenuInfoRegistryImpl/CharmReiServerPlugin [charm]/" done in 138.7 μs
[02:40:31] [main/TRACE] [REI] [END] Reloading Section: "reloadable-plugin/MenuInfoRegistryImpl/" done in 22.47 ms
[02:40:31] [main/TRACE] [REI] [END] Reloading Section: "end-reload/"
[02:40:31] [main/TRACE] [REI] [END] Reloading Section: "end-reload/MenuInfoRegistryImpl/"
[02:40:31] [main/TRACE] [REI] [END] Reloading Section: "end-reload/MenuInfoRegistryImpl/" done in 4.200 μs
[02:40:31] [main/TRACE] [REI] [END] Reloading Section: "end-reload/" done in 66.80 μs
[02:40:31] [main/TRACE] [REI] [END] Reloading Section: "post-register/"
[02:40:31] [main/TRACE] [REI] [END] Reloading Section: "post-register/DefaultPlugin [roughlyenoughitems]/"
[02:40:31] [main/TRACE] [REI] [END] Reloading Section: "post-register/DefaultPlugin [roughlyenoughitems]/" done in 6.400 μs
[02:40:31] [main/TRACE] [REI] [END] Reloading Section: "post-register/FabricFluidAPISupportPlugin/"
[02:40:31] [main/TRACE] [REI] [END] Reloading Section: "post-register/FabricFluidAPISupportPlugin/" done in 5.100 μs
[02:40:31] [main/TRACE] [REI] [END] Reloading Section: "post-register/DefaultRuntimePlugin [roughlyenoughitems]/"
[02:40:31] [main/TRACE] [REI] [END] Reloading Section: "post-register/DefaultRuntimePlugin [roughlyenoughitems]/" done in 5.300 μs
[02:40:31] [main/TRACE] [REI] [END] Reloading Section: "post-register/AdornReiServer [adorn]/"
[02:40:31] [main/TRACE] [REI] [END] Reloading Section: "post-register/AdornReiServer [adorn]/" done in 4.900 μs
[02:40:31] [main/TRACE] [REI] [END] Reloading Section: "post-register/CharmReiServerPlugin [charm]/"
[02:40:31] [main/TRACE] [REI] [END] Reloading Section: "post-register/CharmReiServerPlugin [charm]/" done in 4.700 μs
[02:40:31] [main/TRACE] [REI] [END] Reloading Section: "post-register/" done in 331.2 μs
[02:40:31] [main/INFO] [REI] Reloaded Plugin Manager [REIPlugin] with 5 plugins in 139.4 ms.
[02:40:31] [main/TRACE] [REI] [END] Reloading Section: "post-register/"
[02:40:31] [main/TRACE] [REI] [END] Reloading Section: "post-register/DefaultPlugin [roughlyenoughitems]/"
[02:40:31] [main/TRACE] [REI] [END] Reloading Section: "post-register/DefaultPlugin [roughlyenoughitems]/" done in 17.70 μs
[02:40:31] [main/TRACE] [REI] [END] Reloading Section: "post-register/FabricFluidAPISupportPlugin/"
[02:40:31] [main/TRACE] [REI] [END] Reloading Section: "post-register/FabricFluidAPISupportPlugin/" done in 7.200 μs
[02:40:31] [main/TRACE] [REI] [END] Reloading Section: "post-register/DefaultRuntimePlugin [roughlyenoughitems]/"
[02:40:31] [main/TRACE] [REI] [END] Reloading Section: "post-register/DefaultRuntimePlugin [roughlyenoughitems]/" done in 5.400 μs
[02:40:31] [main/TRACE] [REI] [END] Reloading Section: "post-register/AdornReiServer [adorn]/"
[02:40:31] [main/TRACE] [REI] [END] Reloading Section: "post-register/AdornReiServer [adorn]/" done in 7.900 μs
[02:40:31] [main/TRACE] [REI] [END] Reloading Section: "post-register/CharmReiServerPlugin [charm]/"
[02:40:31] [main/TRACE] [REI] [END] Reloading Section: "post-register/CharmReiServerPlugin [charm]/" done in 6.000 μs
[02:40:31] [main/TRACE] [REI] [END] Reloading Section: "post-register/" done in 465.2 μs
[02:40:31] [main/INFO] [REI] Reloaded Plugin Manager [REIServerPlugin] with 5 plugins in 24.44 ms.
